Build started 5/6/2012 12:52:14 PM.
     1>Project "C:\Users\Gen\Dropbox\CS4379 - Parallel Programming\Project4\project4 cuda\sequentialproject4\sequentialproject4.vcxproj" on node 3 (build target(s)).
     1>InitializeBuildStatus:
         Creating "Debug\sequentialproj4.unsuccessfulbuild" because "AlwaysCreate" was specified.
       ClCompile:
         C:\Program Files (x86)\Microsoft Visual Studio 10.0\VC\bin\CL.exe /c /ZI /nologo /W3 /WX- /Od /Oy- /D _CRT_SECURE_NO_WARNINGS /D _MBCS /Gm /EHsc /RTC1 /MDd /GS /fp:precise /Zc:wchar_t /Zc:forScope /Fo"Debug\\" /Fd"Debug\vc100.pdb" /Gd /TP /analyze- /errorReport:prompt hr_time.cpp seqproj4.cpp
         seqproj4.cpp
         Generating Code...
         Skipping... (no relevant changes detected)
         hr_time.cpp
       Link:
         C:\Program Files (x86)\Microsoft Visual Studio 10.0\VC\bin\link.exe /ERRORREPORT:PROMPT /OUT:"C:\Users\Gen\Dropbox\CS4379 - Parallel Programming\Project4\project4 cuda\Debug\sequentialproj4.exe" /NOLOGO kernel32.lib user32.lib gdi32.lib winspool.lib comdlg32.lib advapi32.lib shell32.lib ole32.lib oleaut32.lib uuid.lib odbc32.lib odbccp32.lib /MANIFEST /ManifestFile:"Debug\sequentialproj4.exe.intermediate.manifest" /MANIFESTUAC:"level='asInvoker' uiAccess='false'" /DEBUG /PDB:"C:\Users\Gen\Dropbox\CS4379 - Parallel Programming\Project4\project4 cuda\Debug\sequentialproj4.pdb" /TLBID:1 /DYNAMICBASE /NXCOMPAT /IMPLIB:"C:\Users\Gen\Dropbox\CS4379 - Parallel Programming\Project4\project4 cuda\Debug\sequentialproj4.lib" /MACHINE:X86 Debug\hr_time.obj
         Debug\seqproj4.obj
         LINK : C:\Users\Gen\Dropbox\CS4379 - Parallel Programming\Project4\project4 cuda\Debug\sequentialproj4.exe not found or not built by the last incremental link; performing full link
         sequentialproject4.vcxproj -> C:\Users\Gen\Dropbox\CS4379 - Parallel Programming\Project4\project4 cuda\Debug\sequentialproj4.exe
       Manifest:
         C:\Program Files (x86)\Microsoft SDKs\Windows\v7.0A\Bin\x64\mt.exe /nologo /verbose /outputresource:"C:\Users\Gen\Dropbox\CS4379 - Parallel Programming\Project4\project4 cuda\Debug\sequentialproj4.exe;#1" /manifest Debug\sequentialproj4.exe.intermediate.manifest
       FinalizeBuildStatus:
         Deleting file "Debug\sequentialproj4.unsuccessfulbuild".
         Touching "Debug\sequentialproj4.lastbuildstate".
     1>Done Building Project "C:\Users\Gen\Dropbox\CS4379 - Parallel Programming\Project4\project4 cuda\sequentialproject4\sequentialproject4.vcxproj" (build target(s)).

Build succeeded.

Time Elapsed 00:00:04.63
