Build started 5/6/2012 12:52:13 PM.
     1>Project "C:\Users\Gen\Dropbox\CS4379 - Parallel Programming\Project4\project4 cuda\project4 cuda\project4 cuda.vcxproj" on node 2 (build target(s)).
     1>InitializeBuildStatus:
         Creating "Debug\project4cuda.unsuccessfulbuild" because "AlwaysCreate" was specified.
       AddCudaCompileDeps:
         C:\Program Files (x86)\Microsoft Visual Studio 10.0\VC\bin\cl.exe /E /nologo /showIncludes /TP /D__CUDACC__ /I"C:\Program Files\NVIDIA GPU Computing Toolkit\CUDA\v4.1\bin" /I"C:\Program Files\NVIDIA GPU Computing Toolkit\CUDA\v4.1\include" /I. /FIcuda_runtime.h /c "C:\Users\Gen\Dropbox\CS4379 - Parallel Programming\Project4\project4 cuda\project4 cuda\kernel.cu" 
       AddCudaCompilePropsDeps:
       Skipping target "AddCudaCompilePropsDeps" because all output files are up-to-date with respect to the input files.
       CudaBuild:
         Compiling CUDA source file kernel.cu...
         cmd.exe /C "C:\Users\Gen\AppData\Local\Temp\131481321a2a419f9f8fb476a511c9e5.cmd"
         "C:\Program Files\NVIDIA GPU Computing Toolkit\CUDA\v4.1\bin\nvcc.exe" -gencode=arch=compute_10,code=\"sm_10,compute_10\" --use-local-env --cl-version 2010 -ccbin "C:\Program Files (x86)\Microsoft Visual Studio 10.0\VC\bin"  -I"C:\Program Files\NVIDIA GPU Computing Toolkit\CUDA\v4.1\include"  -G0  --keep-dir "Debug" -maxrregcount=0  --machine 32 --compile  -g    -Xcompiler "/EHsc /nologo /Od /Zi  /MDd " -o "Debug\kernel.cu.obj" "C:\Users\Gen\Dropbox\CS4379 - Parallel Programming\Project4\project4 cuda\project4 cuda\kernel.cu"
         
         C:\Users\Gen\Dropbox\CS4379 - Parallel Programming\Project4\project4 cuda\project4 cuda>"C:\Program Files\NVIDIA GPU Computing Toolkit\CUDA\v4.1\bin\nvcc.exe" -gencode=arch=compute_10,code=\"sm_10,compute_10\" --use-local-env --cl-version 2010 -ccbin "C:\Program Files (x86)\Microsoft Visual Studio 10.0\VC\bin"  -I"C:\Program Files\NVIDIA GPU Computing Toolkit\CUDA\v4.1\include"  -G0  --keep-dir "Debug" -maxrregcount=0  --machine 32 --compile  -g    -Xcompiler "/EHsc /nologo /Od /Zi  /MDd " -o "Debug\kernel.cu.obj" "C:\Users\Gen\Dropbox\CS4379 - Parallel Programming\Project4\project4 cuda\project4 cuda\kernel.cu" 
         kernel.cu
         tmpxft_00001de4_00000000-0_kernel.cudafe1.gpu
         tmpxft_00001de4_00000000-5_kernel.cudafe2.gpu
         kernel.cu
         tmpxft_00001de4_00000000-0_kernel.cudafe1.cpp
         tmpxft_00001de4_00000000-11_kernel.ii
         Deleting file "tmpxft_00001de4_00000000-6_kernel.cpp3.o".
       ManifestResourceCompile:
         C:\Program Files (x86)\Microsoft SDKs\Windows\v7.0A\Bin\x64\rc.exe /nologo /fo"Debug\project4cuda.exe.embed.manifest.res" Debug\project4cuda_manifest.rc 
       Link:
         C:\Program Files (x86)\Microsoft Visual Studio 10.0\VC\bin\link.exe /ERRORREPORT:PROMPT /OUT:"C:\Users\Gen\Dropbox\CS4379 - Parallel Programming\Project4\project4 cuda\Debug\project4cuda.exe" /INCREMENTAL /NOLOGO /LIBPATH:"C:\Program Files\NVIDIA GPU Computing Toolkit\CUDA\v4.1\lib\Win32" cudart.lib kernel32.lib user32.lib gdi32.lib winspool.lib comdlg32.lib advapi32.lib shell32.lib ole32.lib oleaut32.lib uuid.lib odbc32.lib odbccp32.lib kernel32.lib user32.lib gdi32.lib winspool.lib comdlg32.lib advapi32.lib shell32.lib ole32.lib oleaut32.lib uuid.lib odbc32.lib odbccp32.lib /MANIFEST /ManifestFile:"Debug\project4cuda.exe.intermediate.manifest" /MANIFESTUAC:"level='asInvoker' uiAccess='false'" /DEBUG /PDB:"C:\Users\Gen\Dropbox\CS4379 - Parallel Programming\Project4\project4 cuda\Debug\project4cuda.pdb" /SUBSYSTEM:CONSOLE /TLBID:1 /DYNAMICBASE /NXCOMPAT /IMPLIB:"C:\Users\Gen\Dropbox\CS4379 - Parallel Programming\Project4\project4 cuda\Debug\project4cuda.lib" /MACHINE:X86 Debug\kernel.cu.obj
         Debug\project4cuda.exe.embed.manifest.res
       Manifest:
         C:\Program Files (x86)\Microsoft SDKs\Windows\v7.0A\Bin\x64\mt.exe /nologo /verbose /out:"Debug\project4cuda.exe.embed.manifest" /manifest Debug\project4cuda.exe.intermediate.manifest
         C:\Program Files (x86)\Microsoft SDKs\Windows\v7.0A\Bin\x64\rc.exe /nologo /fo"Debug\project4cuda.exe.embed.manifest.res" Debug\project4cuda_manifest.rc 
       LinkEmbedManifest:
         C:\Program Files (x86)\Microsoft Visual Studio 10.0\VC\bin\link.exe /ERRORREPORT:PROMPT /OUT:"C:\Users\Gen\Dropbox\CS4379 - Parallel Programming\Project4\project4 cuda\Debug\project4cuda.exe" /INCREMENTAL /NOLOGO /LIBPATH:"C:\Program Files\NVIDIA GPU Computing Toolkit\CUDA\v4.1\lib\Win32" cudart.lib kernel32.lib user32.lib gdi32.lib winspool.lib comdlg32.lib advapi32.lib shell32.lib ole32.lib oleaut32.lib uuid.lib odbc32.lib odbccp32.lib kernel32.lib user32.lib gdi32.lib winspool.lib comdlg32.lib advapi32.lib shell32.lib ole32.lib oleaut32.lib uuid.lib odbc32.lib odbccp32.lib /MANIFEST /ManifestFile:"Debug\project4cuda.exe.intermediate.manifest" /MANIFESTUAC:"level='asInvoker' uiAccess='false'" /DEBUG /PDB:"C:\Users\Gen\Dropbox\CS4379 - Parallel Programming\Project4\project4 cuda\Debug\project4cuda.pdb" /SUBSYSTEM:CONSOLE /TLBID:1 /DYNAMICBASE /NXCOMPAT /IMPLIB:"C:\Users\Gen\Dropbox\CS4379 - Parallel Programming\Project4\project4 cuda\Debug\project4cuda.lib" /MACHINE:X86 Debug\kernel.cu.obj
         Debug\project4cuda.exe.embed.manifest.res
     1>LINK : fatal error LNK1104: cannot open file 'Debug\project4cuda.exe.intermediate.manifest'
     1>Done Building Project "C:\Users\Gen\Dropbox\CS4379 - Parallel Programming\Project4\project4 cuda\project4 cuda\project4 cuda.vcxproj" (build target(s)) -- FAILED.

Build FAILED.

Time Elapsed 00:00:16.42
